
  .   ____          _            __ _ _
 /\\ / ___'_ __ _ _(_)_ __  __ _ \ \ \ \
( ( )\___ | '_ | '_| | '_ \/ _` | \ \ \ \
 \\/  ___)| |_)| | | | | || (_| |  ) ) ) )
  '  |____| .__|_| |_|_| |_\__, | / / / /
 =========|_|==============|___/=/_/_/_/
 :: Spring Boot ::        (v2.0.3.RELEASE)

2018-12-26 10:06:44.371  INFO 3937 --- [           main] com.lucida.emembler.EmemblerApplication  : Starting EmemblerApplication v0.0.1-SNAPSHOT on ip-172-31-31-40 with PID 3937 (/home/ec2-user/emembler/emembler-26-12-2018-QA2.war started by ec2-user in /home/ec2-user/emembler)
2018-12-26 10:06:44.459  INFO 3937 --- [           main] com.lucida.emembler.EmemblerApplication  : No active profile set, falling back to default profiles: default
2018-12-26 10:06:47.821  INFO 3937 --- [           main] ConfigServletWebServerApplicationContext : Refreshing org.springframework.boot.web.servlet.context.AnnotationConfigServletWebServerApplicationContext@27ddd392: startup date [Wed Dec 26 10:06:47 UTC 2018]; root of context hierarchy
2018-12-26 10:07:51.600  INFO 3937 --- [           main] trationDelegate$BeanPostProcessorChecker : Bean 'org.springframework.transaction.annotation.ProxyTransactionManagementConfiguration' of type [org.springframework.transaction.annotation.ProxyTransactionManagementConfiguration$$EnhancerBySpringCGLIB$$66f03c3c] is not eligible for getting processed by all BeanPostProcessors (for example: not eligible for auto-proxying)
2018-12-26 10:07:53.279  INFO 3937 --- [           main] trationDelegate$BeanPostProcessorChecker : Bean 'org.springframework.security.config.annotation.configuration.ObjectPostProcessorConfiguration' of type [org.springframework.security.config.annotation.configuration.ObjectPostProcessorConfiguration$$EnhancerBySpringCGLIB$$ff9e0476] is not eligible for getting processed by all BeanPostProcessors (for example: not eligible for auto-proxying)
2018-12-26 10:07:53.728  INFO 3937 --- [           main] trationDelegate$BeanPostProcessorChecker : Bean 'objectPostProcessor' of type [org.springframework.security.config.annotation.configuration.AutowireBeanFactoryObjectPostProcessor] is not eligible for getting processed by all BeanPostProcessors (for example: not eligible for auto-proxying)
2018-12-26 10:07:53.730  INFO 3937 --- [           main] trationDelegate$BeanPostProcessorChecker : Bean 'org.springframework.security.access.expression.method.DefaultMethodSecurityExpressionHandler@1a75e76a' of type [org.springframework.security.access.expression.method.DefaultMethodSecurityExpressionHandler] is not eligible for getting processed by all BeanPostProcessors (for example: not eligible for auto-proxying)
2018-12-26 10:07:53.850  INFO 3937 --- [           main] trationDelegate$BeanPostProcessorChecker : Bean 'org.springframework.security.config.annotation.method.configuration.GlobalMethodSecurityConfiguration' of type [org.springframework.security.config.annotation.method.configuration.GlobalMethodSecurityConfiguration$$EnhancerBySpringCGLIB$$2472a728] is not eligible for getting processed by all BeanPostProcessors (for example: not eligible for auto-proxying)
2018-12-26 10:07:54.140  INFO 3937 --- [           main] trationDelegate$BeanPostProcessorChecker : Bean 'methodSecurityMetadataSource' of type [org.springframework.security.access.method.DelegatingMethodSecurityMetadataSource] is not eligible for getting processed by all BeanPostProcessors (for example: not eligible for auto-proxying)
2018-12-26 10:08:05.157  INFO 3937 --- [           main] o.s.b.w.embedded.tomcat.TomcatWebServer  : Tomcat initialized with port(s): 9090 (http)
2018-12-26 10:08:05.995  INFO 3937 --- [           main] o.apache.catalina.core.StandardService   : Starting service [Tomcat]
2018-12-26 10:08:05.996  INFO 3937 --- [           main] org.apache.catalina.core.StandardEngine  : Starting Servlet Engine: Apache Tomcat/8.5.31
2018-12-26 10:08:06.365  INFO 3937 --- [ost-startStop-1] o.a.catalina.core.AprLifecycleListener   : The APR based Apache Tomcat Native library which allows optimal performance in production environments was not found on the java.library.path: [/usr/java/packages/lib/amd64:/usr/lib64:/lib64:/lib:/usr/lib]
2018-12-26 10:08:38.782  INFO 3937 --- [ost-startStop-1] o.a.c.c.C.[Tomcat].[localhost].[/]       : Initializing Spring embedded WebApplicationContext
2018-12-26 10:08:38.782  INFO 3937 --- [ost-startStop-1] o.s.web.context.ContextLoader            : Root WebApplicationContext: initialization completed in 111083 ms
2018-12-26 10:09:04.318  INFO 3937 --- [ost-startStop-1] o.s.b.w.servlet.FilterRegistrationBean   : Mapping filter: 'corsFilter' to: [/*]
2018-12-26 10:09:04.318  INFO 3937 --- [ost-startStop-1] o.s.b.w.servlet.FilterRegistrationBean   : Mapping filter: 'characterEncodingFilter' to: [/*]
2018-12-26 10:09:04.318  INFO 3937 --- [ost-startStop-1] o.s.b.w.servlet.FilterRegistrationBean   : Mapping filter: 'hiddenHttpMethodFilter' to: [/*]
2018-12-26 10:09:04.318  INFO 3937 --- [ost-startStop-1] o.s.b.w.servlet.FilterRegistrationBean   : Mapping filter: 'httpPutFormContentFilter' to: [/*]
2018-12-26 10:09:04.318  INFO 3937 --- [ost-startStop-1] o.s.b.w.servlet.FilterRegistrationBean   : Mapping filter: 'requestContextFilter' to: [/*]
2018-12-26 10:09:04.440  INFO 3937 --- [ost-startStop-1] .s.DelegatingFilterProxyRegistrationBean : Mapping filter: 'springSecurityFilterChain' to: [/*]
2018-12-26 10:09:04.440  INFO 3937 --- [ost-startStop-1] o.s.b.w.servlet.FilterRegistrationBean   : Mapping filter: 'httpTraceFilter' to: [/*]
2018-12-26 10:09:04.558  INFO 3937 --- [ost-startStop-1] o.s.b.w.servlet.FilterRegistrationBean   : Mapping filter: 'webMvcMetricsFilter' to: [/*]
2018-12-26 10:09:04.559  INFO 3937 --- [ost-startStop-1] o.s.b.w.servlet.ServletRegistrationBean  : Servlet dispatcherServlet mapped to [/]
2018-12-26 10:09:09.558  INFO 3937 --- [           main] com.zaxxer.hikari.HikariDataSource       : HikariPool-1 - Starting...
2018-12-26 10:09:21.427  INFO 3937 --- [           main] com.zaxxer.hikari.HikariDataSource       : HikariPool-1 - Start completed.
2018-12-26 10:09:24.785  INFO 3937 --- [           main] j.LocalContainerEntityManagerFactoryBean : Building JPA container EntityManagerFactory for persistence unit 'default'
2018-12-26 10:09:25.931  INFO 3937 --- [           main] o.hibernate.jpa.internal.util.LogHelper  : HHH000204: Processing PersistenceUnitInfo [
	name: default
	...]
2018-12-26 10:09:30.806  INFO 3937 --- [           main] org.hibernate.Version                    : HHH000412: Hibernate Core {5.2.17.Final}
2018-12-26 10:09:30.966  INFO 3937 --- [           main] org.hibernate.cfg.Environment            : HHH000206: hibernate.properties not found
2018-12-26 10:09:34.079  INFO 3937 --- [           main] o.hibernate.annotations.common.Version   : HCANN000001: Hibernate Commons Annotations {5.0.1.Final}
2018-12-26 10:09:57.966  INFO 3937 --- [           main] org.hibernate.dialect.Dialect            : HHH000400: Using dialect: org.hibernate.dialect.MySQL5InnoDBDialect
2018-12-26 10:10:09.666  INFO 3937 --- [           main] j.LocalContainerEntityManagerFactoryBean : Initialized JPA EntityManagerFactory for persistence unit 'default'
2018-12-26 10:10:13.947  INFO 3937 --- [           main] o.h.h.i.QueryTranslatorFactoryInitiator  : HHH000397: Using ASTQueryTranslatorFactory
2018-12-26 10:10:25.220  WARN 3937 --- [           main] o.s.s.o.p.t.s.JwtAccessTokenConverter    : Unable to create an RSA verifier from verifierKey (ignoreable if using MAC)
2018-12-26 10:11:01.821  INFO 3937 --- [           main] .s.o.p.e.FrameworkEndpointHandlerMapping : Mapped "{[/oauth/authorize],methods=[POST],params=[user_oauth_approval]}" onto public org.springframework.web.servlet.View org.springframework.security.oauth2.provider.endpoint.AuthorizationEndpoint.approveOrDeny(java.util.Map<java.lang.String, java.lang.String>,java.util.Map<java.lang.String, ?>,org.springframework.web.bind.support.SessionStatus,java.security.Principal)
2018-12-26 10:11:01.861  INFO 3937 --- [           main] .s.o.p.e.FrameworkEndpointHandlerMapping : Mapped "{[/oauth/authorize]}" onto public org.springframework.web.servlet.ModelAndView org.springframework.security.oauth2.provider.endpoint.AuthorizationEndpoint.authorize(java.util.Map<java.lang.String, java.lang.Object>,java.util.Map<java.lang.String, java.lang.String>,org.springframework.web.bind.support.SessionStatus,java.security.Principal)
2018-12-26 10:11:01.863  INFO 3937 --- [           main] .s.o.p.e.FrameworkEndpointHandlerMapping : Mapped "{[/oauth/token],methods=[GET]}" onto public org.springframework.http.ResponseEntity<org.springframework.security.oauth2.common.OAuth2AccessToken> org.springframework.security.oauth2.provider.endpoint.TokenEndpoint.getAccessToken(java.security.Principal,java.util.Map<java.lang.String, java.lang.String>) throws org.springframework.web.HttpRequestMethodNotSupportedException
2018-12-26 10:11:01.863  INFO 3937 --- [           main] .s.o.p.e.FrameworkEndpointHandlerMapping : Mapped "{[/oauth/token],methods=[POST]}" onto public org.springframework.http.ResponseEntity<org.springframework.security.oauth2.common.OAuth2AccessToken> org.springframework.security.oauth2.provider.endpoint.TokenEndpoint.postAccessToken(java.security.Principal,java.util.Map<java.lang.String, java.lang.String>) throws org.springframework.web.HttpRequestMethodNotSupportedException
2018-12-26 10:11:01.902  INFO 3937 --- [           main] .s.o.p.e.FrameworkEndpointHandlerMapping : Mapped "{[/oauth/check_token]}" onto public java.util.Map<java.lang.String, ?> org.springframework.security.oauth2.provider.endpoint.CheckTokenEndpoint.checkToken(java.lang.String)
2018-12-26 10:11:01.903  INFO 3937 --- [           main] .s.o.p.e.FrameworkEndpointHandlerMapping : Mapped "{[/oauth/confirm_access]}" onto public org.springframework.web.servlet.ModelAndView org.springframework.security.oauth2.provider.endpoint.WhitelabelApprovalEndpoint.getAccessConfirmation(java.util.Map<java.lang.String, java.lang.Object>,javax.servlet.http.HttpServletRequest) throws java.lang.Exception
2018-12-26 10:11:01.942  INFO 3937 --- [           main] .s.o.p.e.FrameworkEndpointHandlerMapping : Mapped "{[/oauth/error]}" onto public org.springframework.web.servlet.ModelAndView org.springframework.security.oauth2.provider.endpoint.WhitelabelErrorEndpoint.handleError(javax.servlet.http.HttpServletRequest)
2018-12-26 10:11:01.984  INFO 3937 --- [           main] .s.o.p.e.FrameworkEndpointHandlerMapping : Mapped "{[/oauth/token_key],methods=[GET]}" onto public java.util.Map<java.lang.String, java.lang.String> org.springframework.security.oauth2.provider.endpoint.TokenKeyEndpoint.getKey(java.security.Principal)
2018-12-26 10:11:02.764  WARN 3937 --- [           main] aWebConfiguration$JpaWebMvcConfiguration : spring.jpa.open-in-view is enabled by default. Therefore, database queries may be performed during view rendering. Explicitly configure spring.jpa.open-in-view to disable this warning
2018-12-26 10:11:06.937  INFO 3937 --- [           main] s.w.s.m.m.a.RequestMappingHandlerMapping : Mapped "{[/api/getPaidMembers/{fiscalYear}],methods=[GET]}" onto public com.lucida.emembler.responsedtos.DashboardResponse com.lucida.emembler.web.DashboardController.getPaidMembers(int)
2018-12-26 10:11:07.016  INFO 3937 --- [           main] s.w.s.m.m.a.RequestMappingHandlerMapping : Mapped "{[/api/getTotalActiveMembers/{fiscalYear}],methods=[GET]}" onto public com.lucida.emembler.responsedtos.DashboardResponse com.lucida.emembler.web.DashboardController.getTotalActiveMembership(int)
2018-12-26 10:11:07.017  INFO 3937 --- [           main] s.w.s.m.m.a.RequestMappingHandlerMapping : Mapped "{[/api/getLocalSponsored/{fiscalYear}],methods=[GET]}" onto public com.lucida.emembler.responsedtos.DashboardResponse com.lucida.emembler.web.DashboardController.getLocalSponsored(int)
2018-12-26 10:11:07.019  INFO 3937 --- [           main] s.w.s.m.m.a.RequestMappingHandlerMapping : Mapped "{[/api/getMembershipRevenue/{fiscalYear}],methods=[GET]}" onto public com.lucida.emembler.responsedtos.DashboardResponse com.lucida.emembler.web.DashboardController.getMembershipRevenue(int)
2018-12-26 10:11:07.301  INFO 3937 --- [           main] s.w.s.m.m.a.RequestMappingHandlerMapping : Mapped "{[/api/getPaidExpiredMembers/{chapter}],methods=[GET]}" onto public java.util.List<com.lucida.emembler.responsedtos.PaidSponseredDto> com.lucida.emembler.web.MemberController.getPaidExpiredMembers(java.lang.String)
2018-12-26 10:11:07.340  INFO 3937 --- [           main] s.w.s.m.m.a.RequestMappingHandlerMapping : Mapped "{[/api/getOverviewDetails/{chapter}],methods=[GET]}" onto public com.lucida.emembler.responsedtos.ChapterOverview com.lucida.emembler.web.MemberController.getOverviewDetails(java.lang.String)
2018-12-26 10:11:07.340  INFO 3937 --- [           main] s.w.s.m.m.a.RequestMappingHandlerMapping : Mapped "{[/api/getMembersForSponsorhip/{sponserhipCode}],methods=[GET]}" onto public java.util.List<com.lucida.emembler.entity.Member> com.lucida.emembler.web.MemberController.getMembersForSponsorhipCode(java.lang.String)
2018-12-26 10:11:07.340  INFO 3937 --- [           main] s.w.s.m.m.a.RequestMappingHandlerMapping : Mapped "{[/api/getMembersByChapter/{chapter}],methods=[GET]}" onto public java.util.List<com.lucida.emembler.entity.Member> com.lucida.emembler.web.MemberController.getMembersByChapter(java.lang.String)
2018-12-26 10:11:07.341  INFO 3937 --- [           main] s.w.s.m.m.a.RequestMappingHandlerMapping : Mapped "{[/api/saveMembers],methods=[POST]}" onto public org.springframework.http.ResponseEntity<com.lucida.emembler.responsedtos.Response> com.lucida.emembler.web.MemberController.saveMembers(com.lucida.emembler.requestdtos.MemberRequest)
2018-12-26 10:11:07.341  INFO 3937 --- [           main] s.w.s.m.m.a.RequestMappingHandlerMapping : Mapped "{[/api/getpaidSponseredChart/{chapter}],methods=[GET]}" onto public java.util.List<com.lucida.emembler.responsedtos.PaidSponseredDto> com.lucida.emembler.web.MemberController.getpaidSponseredChart(java.lang.String)
2018-12-26 10:11:07.341  INFO 3937 --- [           main] s.w.s.m.m.a.RequestMappingHandlerMapping : Mapped "{[/api/getMonthyMembershipRevenue/{chapter}],methods=[GET]}" onto public java.util.List<com.lucida.emembler.responsedtos.PaidSponseredDto> com.lucida.emembler.web.MemberController.getMonthyMembershipRevenue(java.lang.String)
2018-12-26 10:11:07.341  INFO 3937 --- [           main] s.w.s.m.m.a.RequestMappingHandlerMapping : Mapped "{[/api/getSocialMedia/{chapter}],methods=[GET]}" onto public java.util.List<com.lucida.emembler.responsedtos.SocialMediaResponse> com.lucida.emembler.web.MemberController.getSocialMediaData(java.lang.String)
2018-12-26 10:11:07.342  INFO 3937 --- [           main] s.w.s.m.m.a.RequestMappingHandlerMapping : Mapped "{[/api/getTotalRevenueChart/{chapter}],methods=[GET]}" onto public java.util.List<com.lucida.emembler.responsedtos.TotalRevenueResponse> com.lucida.emembler.web.MemberController.getTotalRevenueChart(java.lang.String)
2018-12-26 10:11:07.342  INFO 3937 --- [           main] s.w.s.m.m.a.RequestMappingHandlerMapping : Mapped "{[/api/getDetailedMatrics/{chapter}],methods=[GET]}" onto public com.lucida.emembler.responsedtos.DetailsMatricsResponse com.lucida.emembler.web.DetailMatrixController.getTotalActiveMembership(java.lang.String)
2018-12-26 10:11:07.343  INFO 3937 --- [           main] s.w.s.m.m.a.RequestMappingHandlerMapping : Mapped "{[/api/addUser],methods=[POST]}" onto public org.springframework.http.ResponseEntity<com.lucida.emembler.responsedtos.Response> com.lucida.emembler.web.UserController.addUser(com.lucida.emembler.requestdtos.UserDto) throws com.lucida.emembler.exceptions.InvalidDataException
2018-12-26 10:11:07.548  INFO 3937 --- [           main] s.w.s.m.m.a.RequestMappingHandlerMapping : Mapped "{[/api/getUserRole/{userId}],methods=[GET]}" onto public com.lucida.emembler.entity.User com.lucida.emembler.web.UserController.getRoleForUser(java.lang.String)
2018-12-26 10:11:07.749  INFO 3937 --- [           main] s.w.s.m.m.a.RequestMappingHandlerMapping : Mapped "{[/recoverPassword],methods=[POST]}" onto public org.springframework.http.ResponseEntity<com.lucida.emembler.responsedtos.Response> com.lucida.emembler.web.UserController.recoverPassword(com.lucida.emembler.requestdtos.ForgotPasswordDto) throws com.lucida.emembler.exceptions.InvalidDataException
2018-12-26 10:11:07.751  INFO 3937 --- [           main] s.w.s.m.m.a.RequestMappingHandlerMapping : Mapped "{[/api/updateUser/{id}],methods=[PUT]}" onto public org.springframework.http.ResponseEntity<com.lucida.emembler.responsedtos.Response> com.lucida.emembler.web.UserController.updateUser(int,com.lucida.emembler.requestdtos.UserDto) throws com.lucida.emembler.exceptions.InvalidDataException
2018-12-26 10:11:07.751  INFO 3937 --- [           main] s.w.s.m.m.a.RequestMappingHandlerMapping : Mapped "{[/api/getUsers],methods=[GET]}" onto public java.util.List<com.lucida.emembler.requestdtos.UserDto> com.lucida.emembler.web.UserController.getAllUsers()
2018-12-26 10:11:07.751  INFO 3937 --- [           main] s.w.s.m.m.a.RequestMappingHandlerMapping : Mapped "{[/api/deleteUser/{id}],methods=[DELETE]}" onto public org.springframework.http.ResponseEntity<com.lucida.emembler.responsedtos.Response> com.lucida.emembler.web.UserController.updateUserStatus(int) throws com.lucida.emembler.exceptions.InvalidDataException
2018-12-26 10:11:07.794  INFO 3937 --- [           main] s.w.s.m.m.a.RequestMappingHandlerMapping : Mapped "{[/api/updateUserStatus/{id}],methods=[PUT]}" onto public org.springframework.http.ResponseEntity<com.lucida.emembler.responsedtos.Response> com.lucida.emembler.web.UserController.updateUserStatus(int,com.lucida.emembler.requestdtos.StatusDto) throws com.lucida.emembler.exceptions.InvalidDataException
2018-12-26 10:11:07.794  INFO 3937 --- [           main] s.w.s.m.m.a.RequestMappingHandlerMapping : Mapped "{[/api/users/reset_password],methods=[POST]}" onto public org.springframework.http.ResponseEntity<com.lucida.emembler.responsedtos.Response> com.lucida.emembler.web.UserController.restPassword(com.lucida.emembler.requestdtos.PasswordResetDto) throws com.lucida.emembler.exceptions.InvalidDataException
2018-12-26 10:11:07.794  INFO 3937 --- [           main] s.w.s.m.m.a.RequestMappingHandlerMapping : Mapped "{[/validateCredentials],methods=[POST]}" onto public org.springframework.http.ResponseEntity<com.lucida.emembler.responsedtos.Response> com.lucida.emembler.web.UserController.validateCredentials(com.lucida.emembler.requestdtos.UserDto) throws com.lucida.emembler.exceptions.InvalidDataException
2018-12-26 10:11:07.795  INFO 3937 --- [           main] s.w.s.m.m.a.RequestMappingHandlerMapping : Mapped "{[/api/users/emailToMembers],methods=[POST]}" onto public org.springframework.http.ResponseEntity<com.lucida.emembler.responsedtos.Response> com.lucida.emembler.web.UserController.sendEmailToMembers(com.lucida.emembler.requestdtos.MemberEmailDto) throws com.lucida.emembler.exceptions.InvalidDataException
2018-12-26 10:11:07.918  INFO 3937 --- [           main] s.w.s.m.m.a.RequestMappingHandlerMapping : Mapped "{[/api/addRole],methods=[POST]}" onto public org.springframework.http.ResponseEntity<com.lucida.emembler.responsedtos.Response> com.lucida.emembler.web.ConfigController.addRole(com.lucida.emembler.entity.Role) throws com.lucida.emembler.exceptions.InvalidDataException
2018-12-26 10:11:07.919  INFO 3937 --- [           main] s.w.s.m.m.a.RequestMappingHandlerMapping : Mapped "{[/api/getRoles],methods=[GET]}" onto public java.util.List<com.lucida.emembler.entity.Role> com.lucida.emembler.web.ConfigController.getRole()
2018-12-26 10:11:08.040  INFO 3937 --- [           main] s.w.s.m.m.a.RequestMappingHandlerMapping : Mapped "{[/api/getPrivilagesforRole/{id}],methods=[GET]}" onto public java.util.List<com.lucida.emembler.entity.Privilege> com.lucida.emembler.web.ConfigController.getPrivilagesForRole(java.lang.String) throws com.lucida.emembler.exceptions.InvalidDataException
2018-12-26 10:11:08.040  INFO 3937 --- [           main] s.w.s.m.m.a.RequestMappingHandlerMapping : Mapped "{[/api/getAllFiscalYears/{fiscalYear}],methods=[GET]}" onto public java.util.List<com.lucida.emembler.entity.FyData> com.lucida.emembler.web.ConfigController.getAllFiscalYears(int)
2018-12-26 10:11:08.040  INFO 3937 --- [           main] s.w.s.m.m.a.RequestMappingHandlerMapping : Mapped "{[/api/getBoardMembers],methods=[GET]}" onto public java.util.List<com.lucida.emembler.requestdtos.BoardMemeberDto> com.lucida.emembler.web.ConfigController.getBoardMembers()
2018-12-26 10:11:08.158  INFO 3937 --- [           main] s.w.s.m.m.a.RequestMappingHandlerMapping : Mapped "{[/api/getFiscalYears/{fiscalYear}/{username}],methods=[GET]}" onto public java.util.List<com.lucida.emembler.entity.FyData> com.lucida.emembler.web.ConfigController.getFiscalYears(int,java.lang.String)
2018-12-26 10:11:08.162  INFO 3937 --- [           main] s.w.s.m.m.a.RequestMappingHandlerMapping : Mapped "{[/api/getChapters],methods=[GET]}" onto public java.util.List<com.lucida.emembler.entity.Chapter> com.lucida.emembler.web.ConfigController.getChapter()
2018-12-26 10:11:08.285  INFO 3937 --- [           main] s.w.s.m.m.a.RequestMappingHandlerMapping : Mapped "{[/api/saveChapter],methods=[POST]}" onto public org.springframework.http.ResponseEntity<com.lucida.emembler.responsedtos.Response> com.lucida.emembler.web.ConfigController.saveChapter(com.lucida.emembler.entity.Chapter) throws com.lucida.emembler.exceptions.InvalidDataException
2018-12-26 10:11:08.286  INFO 3937 --- [           main] s.w.s.m.m.a.RequestMappingHandlerMapping : Mapped "{[/api/api/deleteChapter/{id}],methods=[DELETE]}" onto public org.springframework.http.ResponseEntity<com.lucida.emembler.responsedtos.Response> com.lucida.emembler.web.ConfigController.deleteChapter(int) throws com.lucida.emembler.exceptions.InvalidDataException
2018-12-26 10:11:08.446  INFO 3937 --- [           main] s.w.s.m.m.a.RequestMappingHandlerMapping : Mapped "{[/api/getChaptersForUser/{username}],methods=[GET]}" onto public java.util.Set<com.lucida.emembler.entity.Chapter> com.lucida.emembler.web.ConfigController.getChaptersForUser(java.lang.String)
2018-12-26 10:11:08.447  INFO 3937 --- [           main] s.w.s.m.m.a.RequestMappingHandlerMapping : Mapped "{[/api/saveBoardMember],methods=[POST]}" onto public org.springframework.http.ResponseEntity<com.lucida.emembler.responsedtos.Response> com.lucida.emembler.web.ConfigController.saveBoardMember(com.lucida.emembler.entity.BoardMember) throws com.lucida.emembler.exceptions.InvalidDataException
2018-12-26 10:11:08.448  INFO 3937 --- [           main] s.w.s.m.m.a.RequestMappingHandlerMapping : Mapped "{[/api/deleteBoardMember/{id}],methods=[DELETE]}" onto public org.springframework.http.ResponseEntity<com.lucida.emembler.responsedtos.Response> com.lucida.emembler.web.ConfigController.deleteBoardMember(int) throws com.lucida.emembler.exceptions.InvalidDataException
2018-12-26 10:11:08.448  INFO 3937 --- [           main] s.w.s.m.m.a.RequestMappingHandlerMapping : Mapped "{[/api/updateFiscalYear/{id}],methods=[PUT]}" onto public org.springframework.http.ResponseEntity<com.lucida.emembler.responsedtos.Response> com.lucida.emembler.web.ConfigController.updateFiscalYear(int,com.lucida.emembler.entity.FyData) throws com.lucida.emembler.exceptions.InvalidDataException
2018-12-26 10:11:08.449  INFO 3937 --- [           main] s.w.s.m.m.a.RequestMappingHandlerMapping : Mapped "{[/api/updateFiscalYearGoal/{id}],methods=[PUT]}" onto public org.springframework.http.ResponseEntity<com.lucida.emembler.responsedtos.Response> com.lucida.emembler.web.ConfigController.updateFiscalYearGoal(int,com.lucida.emembler.entity.FyData) throws com.lucida.emembler.exceptions.InvalidDataException
2018-12-26 10:11:08.449  INFO 3937 --- [           main] s.w.s.m.m.a.RequestMappingHandlerMapping : Mapped "{[/api/updatePrivilages],methods=[POST]}" onto public org.springframework.http.ResponseEntity<com.lucida.emembler.responsedtos.Response> com.lucida.emembler.web.ConfigController.updatePrivilages(com.lucida.emembler.requestdtos.PrivilegeDto) throws com.lucida.emembler.exceptions.InvalidDataException
2018-12-26 10:11:08.449  INFO 3937 --- [           main] s.w.s.m.m.a.RequestMappingHandlerMapping : Mapped "{[/api/editChapter/{id}],methods=[PUT]}" onto public org.springframework.http.ResponseEntity<com.lucida.emembler.responsedtos.Response> com.lucida.emembler.web.ConfigController.editChapter(int,com.lucida.emembler.requestdtos.EditChapter) throws com.lucida.emembler.exceptions.InvalidDataException
2018-12-26 10:11:08.449  INFO 3937 --- [           main] s.w.s.m.m.a.RequestMappingHandlerMapping : Mapped "{[/api/getPrevilages],methods=[GET]}" onto public java.util.List<com.lucida.emembler.entity.Privilege> com.lucida.emembler.web.ConfigController.getPrivilages()
2018-12-26 10:11:08.489  INFO 3937 --- [           main] s.w.s.m.m.a.RequestMappingHandlerMapping : Mapped "{[/api/processSocialMedia],methods=[POST]}" onto public org.springframework.http.ResponseEntity<com.lucida.emembler.responsedtos.Response> com.lucida.emembler.web.TransactionController.saveSocialMedia(com.lucida.emembler.requestdtos.SocialMediaRequest) throws com.lucida.emembler.exceptions.InvalidDataException
2018-12-26 10:11:08.489  INFO 3937 --- [           main] s.w.s.m.m.a.RequestMappingHandlerMapping : Mapped "{[/api/saveSponsers],methods=[POST]}" onto public org.springframework.http.ResponseEntity<com.lucida.emembler.responsedtos.Response> com.lucida.emembler.web.TransactionController.saveSponsers(com.lucida.emembler.requestdtos.SponsershipRequest) throws com.lucida.emembler.exceptions.InvalidDataException
2018-12-26 10:11:08.490  INFO 3937 --- [           main] s.w.s.m.m.a.RequestMappingHandlerMapping : Mapped "{[/api/processProfitAndLoss],methods=[POST]}" onto public org.springframework.http.ResponseEntity<com.lucida.emembler.responsedtos.Response> com.lucida.emembler.web.TransactionController.saveProfitAndLoss(com.lucida.emembler.requestdtos.ProfitAndLossRequest) throws com.lucida.emembler.exceptions.InvalidDataException
2018-12-26 10:11:08.490  INFO 3937 --- [           main] s.w.s.m.m.a.RequestMappingHandlerMapping : Mapped "{[/api/getSponserForChapter/{chapterName}],methods=[GET]}" onto public java.util.List<com.lucida.emembler.responsedtos.SponsershipReport> com.lucida.emembler.web.TransactionController.getFiscalYears(java.lang.String)
2018-12-26 10:11:08.735  INFO 3937 --- [           main] s.w.s.m.m.a.RequestMappingHandlerMapping : Mapped "{[/api/saveTransactions],methods=[POST]}" onto public org.springframework.http.ResponseEntity<com.lucida.emembler.responsedtos.Response> com.lucida.emembler.web.TransactionController.saveTransactions(com.lucida.emembler.requestdtos.TransactionRequest) throws com.lucida.emembler.exceptions.InvalidDataException
2018-12-26 10:11:08.859  INFO 3937 --- [           main] s.w.s.m.m.a.RequestMappingHandlerMapping : Mapped "{[/swagger-resources/configuration/ui]}" onto public org.springframework.http.ResponseEntity<springfox.documentation.swagger.web.UiConfiguration> springfox.documentation.swagger.web.ApiResourceController.uiConfiguration()
2018-12-26 10:11:08.979  INFO 3937 --- [           main] s.w.s.m.m.a.RequestMappingHandlerMapping : Mapped "{[/swagger-resources/configuration/security]}" onto public org.springframework.http.ResponseEntity<springfox.documentation.swagger.web.SecurityConfiguration> springfox.documentation.swagger.web.ApiResourceController.securityConfiguration()
2018-12-26 10:11:09.386  INFO 3937 --- [           main] s.w.s.m.m.a.RequestMappingHandlerMapping : Mapped "{[/swagger-resources]}" onto public org.springframework.http.ResponseEntity<java.util.List<springfox.documentation.swagger.web.SwaggerResource>> springfox.documentation.swagger.web.ApiResourceController.swaggerResources()
2018-12-26 10:11:09.552  INFO 3937 --- [           main] s.w.s.m.m.a.RequestMappingHandlerMapping : Mapped "{[/error],produces=[text/html]}" onto public org.springframework.web.servlet.ModelAndView org.springframework.boot.autoconfigure.web.servlet.error.BasicErrorController.errorHtml(javax.servlet.http.HttpServletRequest,javax.servlet.http.HttpServletResponse)
2018-12-26 10:11:09.552  INFO 3937 --- [           main] s.w.s.m.m.a.RequestMappingHandlerMapping : Mapped "{[/error]}" onto public org.springframework.http.ResponseEntity<java.util.Map<java.lang.String, java.lang.Object>> org.springframework.boot.autoconfigure.web.servlet.error.BasicErrorController.error(javax.servlet.http.HttpServletRequest)
2018-12-26 10:11:14.913  INFO 3937 --- [           main] o.s.b.a.e.web.EndpointLinksResolver      : Exposing 2 endpoint(s) beneath base path '/actuator'
2018-12-26 10:11:15.813  INFO 3937 --- [           main] s.b.a.e.w.s.WebMvcEndpointHandlerMapping : Mapped "{[/actuator/health],methods=[GET],produces=[application/vnd.spring-boot.actuator.v2+json || application/json]}" onto public java.lang.Object org.springframework.boot.actuate.endpoint.web.servlet.AbstractWebMvcEndpointHandlerMapping$OperationHandler.handle(javax.servlet.http.HttpServletRequest,java.util.Map<java.lang.String, java.lang.String>)
2018-12-26 10:11:15.976  INFO 3937 --- [           main] s.b.a.e.w.s.WebMvcEndpointHandlerMapping : Mapped "{[/actuator/info],methods=[GET],produces=[application/vnd.spring-boot.actuator.v2+json || application/json]}" onto public java.lang.Object org.springframework.boot.actuate.endpoint.web.servlet.AbstractWebMvcEndpointHandlerMapping$OperationHandler.handle(javax.servlet.http.HttpServletRequest,java.util.Map<java.lang.String, java.lang.String>)
2018-12-26 10:11:15.977  INFO 3937 --- [           main] s.b.a.e.w.s.WebMvcEndpointHandlerMapping : Mapped "{[/actuator],methods=[GET],produces=[application/vnd.spring-boot.actuator.v2+json || application/json]}" onto protected java.util.Map<java.lang.String, java.util.Map<java.lang.String, org.springframework.boot.actuate.endpoint.web.Link>> org.springframework.boot.actuate.endpoint.web.servlet.WebMvcEndpointHandlerMapping.links(javax.servlet.http.HttpServletRequest,javax.servlet.http.HttpServletResponse)
2018-12-26 10:11:27.949  WARN 3937 --- [           main] o.s.s.o.p.t.s.JwtAccessTokenConverter    : Unable to create an RSA verifier from verifierKey (ignoreable if using MAC)
2018-12-26 10:11:30.337  INFO 3937 --- [           main] pertySourcedRequestMappingHandlerMapping : Mapped URL path [/v2/api-docs] onto method [public org.springframework.http.ResponseEntity<springfox.documentation.spring.web.json.Json> springfox.documentation.swagger2.web.Swagger2Controller.getDocumentation(java.lang.String,javax.servlet.http.HttpServletRequest)]
2018-12-26 10:11:50.450  INFO 3937 --- [           main] o.s.s.web.DefaultSecurityFilterChain     : Creating filter chain: OrRequestMatcher [requestMatchers=[Ant [pattern='/oauth/token'], Ant [pattern='/oauth/token_key'], Ant [pattern='/oauth/check_token']]], [org.springframework.security.web.context.request.async.WebAsyncManagerIntegrationFilter@39ab59f8, org.springframework.security.web.context.SecurityContextPersistenceFilter@27494e46, org.springframework.security.web.header.HeaderWriterFilter@452c8a40, org.springframework.security.web.authentication.logout.LogoutFilter@36074e47, org.springframework.security.web.authentication.www.BasicAuthenticationFilter@32fdec40, org.springframework.security.web.savedrequest.RequestCacheAwareFilter@1e411d81, org.springframework.security.web.servletapi.SecurityContextHolderAwareRequestFilter@7fcff1b9, org.springframework.security.web.authentication.AnonymousAuthenticationFilter@64e92d61, org.springframework.security.web.session.SessionManagementFilter@29006752, org.springframework.security.web.access.ExceptionTranslationFilter@5339bbad, org.springframework.security.web.access.intercept.FilterSecurityInterceptor@81ff872]
2018-12-26 10:11:51.309  INFO 3937 --- [           main] o.s.s.web.DefaultSecurityFilterChain     : Creating filter chain: org.springframework.security.oauth2.config.annotation.web.configuration.ResourceServerConfiguration$NotOAuthRequestMatcher@33a630fa, [org.springframework.security.web.context.request.async.WebAsyncManagerIntegrationFilter@775594f2, org.springframework.security.web.context.SecurityContextPersistenceFilter@20d11153, org.springframework.security.web.header.HeaderWriterFilter@7882c44a, org.springframework.security.web.authentication.logout.LogoutFilter@78dc4696, org.springframework.security.oauth2.provider.authentication.OAuth2AuthenticationProcessingFilter@38f2e97e, org.springframework.security.web.savedrequest.RequestCacheAwareFilter@3887cf88, org.springframework.security.web.servletapi.SecurityContextHolderAwareRequestFilter@5649ec46, org.springframework.security.web.authentication.AnonymousAuthenticationFilter@5767b2af, org.springframework.security.web.session.SessionManagementFilter@32639b12, org.springframework.security.web.access.ExceptionTranslationFilter@5d28bcd5, org.springframework.security.web.access.intercept.FilterSecurityInterceptor@3cc20577]
2018-12-26 10:11:51.470  INFO 3937 --- [           main] o.s.s.web.DefaultSecurityFilterChain     : Creating filter chain: org.springframework.security.web.util.matcher.AnyRequestMatcher@1, [org.springframework.security.web.context.request.async.WebAsyncManagerIntegrationFilter@1d2644e3, org.springframework.security.web.context.SecurityContextPersistenceFilter@3f4f9acd, org.springframework.security.web.header.HeaderWriterFilter@7fae4d4a, org.springframework.security.web.authentication.logout.LogoutFilter@4f7c0be3, org.springframework.security.web.authentication.www.BasicAuthenticationFilter@ca66933, org.springframework.security.web.savedrequest.RequestCacheAwareFilter@46baf579, org.springframework.security.web.servletapi.SecurityContextHolderAwareRequestFilter@4bf324f9, org.springframework.security.web.authentication.AnonymousAuthenticationFilter@4fa06f52, org.springframework.security.web.session.SessionManagementFilter@ba1f559, org.springframework.security.web.access.ExceptionTranslationFilter@30e92cb9]
2018-12-26 10:11:58.377  INFO 3937 --- [           main] o.s.w.s.handler.SimpleUrlHandlerMapping  : Mapped URL path [/**/favicon.ico] onto handler of type [class org.springframework.web.servlet.resource.ResourceHttpRequestHandler]
2018-12-26 10:12:11.009  INFO 3937 --- [           main] s.w.s.m.m.a.RequestMappingHandlerAdapter : Looking for @ControllerAdvice: org.springframework.boot.web.servlet.context.AnnotationConfigServletWebServerApplicationContext@27ddd392: startup date [Wed Dec 26 10:06:47 UTC 2018]; root of context hierarchy
2018-12-26 10:12:15.511  INFO 3937 --- [           main] o.s.w.s.handler.SimpleUrlHandlerMapping  : Mapped URL path [/webjars/**] onto handler of type [class org.springframework.web.servlet.resource.ResourceHttpRequestHandler]
2018-12-26 10:12:15.511  INFO 3937 --- [           main] o.s.w.s.handler.SimpleUrlHandlerMapping  : Mapped URL path [/**] onto handler of type [class org.springframework.web.servlet.resource.ResourceHttpRequestHandler]
2018-12-26 10:12:19.810  INFO 3937 --- [           main] o.s.b.a.w.s.WelcomePageHandlerMapping    : Adding welcome page: class path resource [static/index.html]
2018-12-26 10:12:51.310  INFO 3937 --- [           main] o.s.j.e.a.AnnotationMBeanExporter        : Registering beans for JMX exposure on startup
2018-12-26 10:12:51.471  INFO 3937 --- [           main] o.s.j.e.a.AnnotationMBeanExporter        : Bean with name 'dataSource' has been autodetected for JMX exposure
2018-12-26 10:12:51.639  INFO 3937 --- [           main] o.s.j.e.a.AnnotationMBeanExporter        : Located MBean 'dataSource': registering with JMX server as MBean [com.zaxxer.hikari:name=dataSource,type=HikariDataSource]
2018-12-26 10:12:51.839  INFO 3937 --- [           main] o.s.c.support.DefaultLifecycleProcessor  : Starting beans in phase 2147483647
2018-12-26 10:12:51.840  INFO 3937 --- [           main] d.s.w.p.DocumentationPluginsBootstrapper : Context refreshed
2018-12-26 10:12:52.740  INFO 3937 --- [           main] d.s.w.p.DocumentationPluginsBootstrapper : Found 1 custom documentation plugin(s)
2018-12-26 10:12:55.126  INFO 3937 --- [           main] s.d.s.w.s.ApiListingReferenceScanner     : Scanning for api listing references
2018-12-26 10:13:06.478  INFO 3937 --- [           main] .d.s.w.r.o.CachingOperationNameGenerator : Generating unique operation named: getTotalActiveMembershipUsingGET_1
2018-12-26 10:13:09.587  INFO 3937 --- [           main] .d.s.w.r.o.CachingOperationNameGenerator : Generating unique operation named: handleUsingGET_1
2018-12-26 10:13:10.980  INFO 3937 --- [           main] .d.s.w.r.o.CachingOperationNameGenerator : Generating unique operation named: getFiscalYearsUsingGET_1
2018-12-26 10:13:16.019  INFO 3937 --- [           main] o.s.b.w.embedded.tomcat.TomcatWebServer  : Tomcat started on port(s): 9090 (http) with context path ''
2018-12-26 10:13:16.183  INFO 3937 --- [           main] com.lucida.emembler.EmemblerApplication  : Started EmemblerApplication in 409.192 seconds (JVM running for 423.085)
2018-12-26 10:13:18.764  WARN 3937 --- [           main] o.h.engine.jdbc.spi.SqlExceptionHelper   : SQL Error: 1146, SQLState: 42S02
2018-12-26 10:13:18.883 ERROR 3937 --- [           main] o.h.engine.jdbc.spi.SqlExceptionHelper   : Table 'emembler_master_qa.privilege' doesn't exist
2018-12-26 10:13:19.213  INFO 3937 --- [           main] ConditionEvaluationReportLoggingListener : 

Error starting ApplicationContext. To display the conditions report re-run your application with 'debug' enabled.
2018-12-26 10:13:19.535 ERROR 3937 --- [           main] o.s.boot.SpringApplication               : Application run failed

java.lang.IllegalStateException: Failed to execute CommandLineRunner
	at org.springframework.boot.SpringApplication.callRunner(SpringApplication.java:800) [spring-boot-2.0.3.RELEASE.jar!/:2.0.3.RELEASE]
	at org.springframework.boot.SpringApplication.callRunners(SpringApplication.java:781) [spring-boot-2.0.3.RELEASE.jar!/:2.0.3.RELEASE]
	at org.springframework.boot.SpringApplication.run(SpringApplication.java:335) [spring-boot-2.0.3.RELEASE.jar!/:2.0.3.RELEASE]
	at org.springframework.boot.SpringApplication.run(SpringApplication.java:1255) [spring-boot-2.0.3.RELEASE.jar!/:2.0.3.RELEASE]
	at org.springframework.boot.SpringApplication.run(SpringApplication.java:1243) [spring-boot-2.0.3.RELEASE.jar!/:2.0.3.RELEASE]
	at com.lucida.emembler.EmemblerApplication.main(EmemblerApplication.java:31) [classes!/:0.0.1-SNAPSHOT]
	at sun.reflect.NativeMethodAccessorImpl.invoke0(Native Method) ~[na:1.8.0_171]
	at sun.reflect.NativeMethodAccessorImpl.invoke(NativeMethodAccessorImpl.java:62) ~[na:1.8.0_171]
	at sun.reflect.DelegatingMethodAccessorImpl.invoke(DelegatingMethodAccessorImpl.java:43) ~[na:1.8.0_171]
	at java.lang.reflect.Method.invoke(Method.java:498) ~[na:1.8.0_171]
	at org.springframework.boot.loader.MainMethodRunner.run(MainMethodRunner.java:48) [emembler-26-12-2018-QA2.war:0.0.1-SNAPSHOT]
	at org.springframework.boot.loader.Launcher.launch(Launcher.java:87) [emembler-26-12-2018-QA2.war:0.0.1-SNAPSHOT]
	at org.springframework.boot.loader.Launcher.launch(Launcher.java:50) [emembler-26-12-2018-QA2.war:0.0.1-SNAPSHOT]
	at org.springframework.boot.loader.WarLauncher.main(WarLauncher.java:58) [emembler-26-12-2018-QA2.war:0.0.1-SNAPSHOT]
Caused by: org.springframework.orm.jpa.JpaSystemException: Transaction was marked for rollback only; cannot commit; nested exception is org.hibernate.TransactionException: Transaction was marked for rollback only; cannot commit
	at org.springframework.orm.jpa.vendor.HibernateJpaDialect.convertHibernateAccessException(HibernateJpaDialect.java:314) ~[spring-orm-5.0.7.RELEASE.jar!/:5.0.7.RELEASE]
	at org.springframework.orm.jpa.vendor.HibernateJpaDialect.translateExceptionIfPossible(HibernateJpaDialect.java:225) ~[spring-orm-5.0.7.RELEASE.jar!/:5.0.7.RELEASE]
	at org.springframework.orm.jpa.JpaTransactionManager.doCommit(JpaTransactionManager.java:540) ~[spring-orm-5.0.7.RELEASE.jar!/:5.0.7.RELEASE]
	at org.springframework.transaction.support.AbstractPlatformTransactionManager.processCommit(AbstractPlatformTransactionManager.java:746) ~[spring-tx-5.0.7.RELEASE.jar!/:5.0.7.RELEASE]
	at org.springframework.transaction.support.AbstractPlatformTransactionManager.commit(AbstractPlatformTransactionManager.java:714) ~[spring-tx-5.0.7.RELEASE.jar!/:5.0.7.RELEASE]
	at org.springframework.transaction.interceptor.TransactionAspectSupport.commitTransactionAfterReturning(TransactionAspectSupport.java:532) ~[spring-tx-5.0.7.RELEASE.jar!/:5.0.7.RELEASE]
	at org.springframework.transaction.interceptor.TransactionAspectSupport.invokeWithinTransaction(TransactionAspectSupport.java:304) ~[spring-tx-5.0.7.RELEASE.jar!/:5.0.7.RELEASE]
	at org.springframework.transaction.interceptor.TransactionInterceptor.invoke(TransactionInterceptor.java:98) ~[spring-tx-5.0.7.RELEASE.jar!/:5.0.7.RELEASE]
	at org.springframework.aop.framework.ReflectiveMethodInvocation.proceed(ReflectiveMethodInvocation.java:185) ~[spring-aop-5.0.7.RELEASE.jar!/:5.0.7.RELEASE]
	at org.springframework.aop.framework.CglibAopProxy$DynamicAdvisedInterceptor.intercept(CglibAopProxy.java:688) ~[spring-aop-5.0.7.RELEASE.jar!/:5.0.7.RELEASE]
	at com.lucida.emembler.service.ConfigService$$EnhancerBySpringCGLIB$$f731a580.initPrivilages(<generated>) ~[classes!/:0.0.1-SNAPSHOT]
	at com.lucida.emembler.EmemblerApplication.run(EmemblerApplication.java:39) [classes!/:0.0.1-SNAPSHOT]
	at org.springframework.boot.SpringApplication.callRunner(SpringApplication.java:797) [spring-boot-2.0.3.RELEASE.jar!/:2.0.3.RELEASE]
	... 13 common frames omitted
Caused by: org.hibernate.TransactionException: Transaction was marked for rollback only; cannot commit
	at org.hibernate.resource.transaction.backend.jdbc.internal.JdbcResourceLocalTransactionCoordinatorImpl$TransactionDriverControlImpl.commit(JdbcResourceLocalTransactionCoordinatorImpl.java:228) ~[hibernate-core-5.2.17.Final.jar!/:5.2.17.Final]
	at org.hibernate.engine.transaction.internal.TransactionImpl.commit(TransactionImpl.java:68) ~[hibernate-core-5.2.17.Final.jar!/:5.2.17.Final]
	at org.springframework.orm.jpa.JpaTransactionManager.doCommit(JpaTransactionManager.java:536) ~[spring-orm-5.0.7.RELEASE.jar!/:5.0.7.RELEASE]
	... 23 common frames omitted

2018-12-26 10:13:19.580  INFO 3937 --- [           main] ConfigServletWebServerApplicationContext : Closing org.springframework.boot.web.servlet.context.AnnotationConfigServletWebServerApplicationContext@27ddd392: startup date [Wed Dec 26 10:06:47 UTC 2018]; root of context hierarchy
2018-12-26 10:13:19.624  INFO 3937 --- [           main] o.s.c.support.DefaultLifecycleProcessor  : Stopping beans in phase 2147483647
2018-12-26 10:13:19.743  INFO 3937 --- [           main] o.s.j.e.a.AnnotationMBeanExporter        : Unregistering JMX-exposed beans on shutdown
2018-12-26 10:13:19.744  INFO 3937 --- [           main] o.s.j.e.a.AnnotationMBeanExporter        : Unregistering JMX-exposed beans
2018-12-26 10:13:20.112  INFO 3937 --- [           main] j.LocalContainerEntityManagerFactoryBean : Closing JPA EntityManagerFactory for persistence unit 'default'
2018-12-26 10:13:20.114  INFO 3937 --- [           main] com.zaxxer.hikari.HikariDataSource       : HikariPool-1 - Shutdown initiated...
2018-12-26 10:13:20.235  INFO 3937 --- [           main] com.zaxxer.hikari.HikariDataSource       : HikariPool-1 - Shutdown completed.
